<?xml version="1.0" encoding="UTF-8"?>
<coverage generated="1783218346794" clover="3.2.0">
  <project timestamp="1783218346794" name="All files">
    <metrics statements="76" coveredstatements="75" conditionals="30" coveredconditionals="29" methods="5" coveredmethods="5" elements="111" coveredelements="109" complexity="0" loc="76" ncloc="76" packages="1" files="1" classes="1"/>
    <file name="testcasemanager.js" path="E:\Mine\MyProject\CLI-tools\ojtool\src\core\testcasemanager.js">
      <metrics statements="76" coveredstatements="75" conditionals="30" coveredconditionals="29" methods="5" coveredmethods="5"/>
      <line num="1" count="1" type="stmt"/>
      <line num="2" count="1" type="stmt"/>
      <line num="3" count="1" type="stmt"/>
      <line num="6" count="11" type="stmt"/>
      <line num="7" count="11" type="stmt"/>
      <line num="17" count="11" type="stmt"/>
      <line num="18" count="25" type="stmt"/>
      <line num="19" count="25" type="stmt"/>
      <line num="21" count="25" type="stmt"/>
      <line num="23" count="25" type="cond" truecount="2" falsecount="0"/>
      <line num="24" count="4" type="stmt"/>
      <line num="25" count="4" type="stmt"/>
      <line num="26" count="4" type="stmt"/>
      <line num="28" count="21" type="stmt"/>
      <line num="29" count="21" type="cond" truecount="2" falsecount="0"/>
      <line num="30" count="1" type="stmt"/>
      <line num="31" count="1" type="stmt"/>
      <line num="32" count="1" type="stmt"/>
      <line num="36" count="25" type="cond" truecount="2" falsecount="0"/>
      <line num="37" count="5" type="stmt"/>
      <line num="38" count="5" type="stmt"/>
      <line num="39" count="5" type="stmt"/>
      <line num="41" count="20" type="stmt"/>
      <line num="42" count="20" type="cond" truecount="2" falsecount="0"/>
      <line num="43" count="1" type="stmt"/>
      <line num="44" count="1" type="stmt"/>
      <line num="45" count="1" type="stmt"/>
      <line num="49" count="25" type="cond" truecount="2" falsecount="0"/>
      <line num="50" count="17" type="stmt"/>
      <line num="52" count="8" type="stmt"/>
      <line num="56" count="11" type="stmt"/>
      <line num="64" count="4" type="stmt"/>
      <line num="65" count="4" type="stmt"/>
      <line num="66" count="4" type="stmt"/>
      <line num="67" count="4" type="stmt"/>
      <line num="69" count="4" type="stmt"/>
      <line num="70" count="12" type="stmt"/>
      <line num="71" count="12" type="stmt"/>
      <line num="73" count="12" type="stmt"/>
      <line num="82" count="12" type="cond" truecount="2" falsecount="0"/>
      <line num="83" count="9" type="stmt"/>
      <line num="84" count="9" type="stmt"/>
      <line num="85" count="9" type="cond" truecount="2" falsecount="0"/>
      <line num="86" count="1" type="stmt"/>
      <line num="89" count="3" type="stmt"/>
      <line num="92" count="12" type="cond" truecount="2" falsecount="0"/>
      <line num="93" count="8" type="stmt"/>
      <line num="94" count="8" type="stmt"/>
      <line num="95" count="8" type="cond" truecount="1" falsecount="1"/>
      <line num="96" count="0" type="stmt"/>
      <line num="99" count="4" type="stmt"/>
      <line num="102" count="12" type="cond" truecount="2" falsecount="0"/>
      <line num="103" count="7" type="stmt"/>
      <line num="104" count="7" type="stmt"/>
      <line num="105" count="7" type="stmt"/>
      <line num="108" count="12" type="stmt"/>
      <line num="111" count="4" type="stmt"/>
      <line num="124" count="3" type="stmt"/>
      <line num="126" count="3" type="stmt"/>
      <line num="127" count="5" type="stmt"/>
      <line num="128" count="5" type="stmt"/>
      <line num="130" count="5" type="stmt"/>
      <line num="145" count="3" type="stmt"/>
      <line num="149" count="3" type="stmt"/>
      <line num="150" count="3" type="stmt"/>
      <line num="151" count="3" type="stmt"/>
      <line num="153" count="3" type="stmt"/>
      <line num="154" count="4" type="stmt"/>
      <line num="155" count="4" type="stmt"/>
      <line num="157" count="4" type="stmt"/>
      <line num="163" count="4" type="cond" truecount="2" falsecount="0"/>
      <line num="164" count="2" type="stmt"/>
      <line num="165" count="2" type="stmt"/>
      <line num="166" count="3" type="stmt"/>
      <line num="171" count="3" type="stmt"/>
      <line num="178" count="1" type="stmt"/>
    </file>
  </project>
</coverage>
