{"E:\\Mine\\MyProject\\CLI-tools\\ojtool\\src\\core\\testcasemanager.js": {"path":"E:\\Mine\\MyProject\\CLI-tools\\ojtool\\src\\core\\testcasemanager.js","statementMap":{"0":{"start":{"line":1,"column":11},"end":{"line":1,"column":24}},"1":{"start":{"line":2,"column":13},"end":{"line":2,"column":28}},"2":{"start":{"line":3,"column":22},"end":{"line":3,"column":48}},"3":{"start":{"line":6,"column":19},"end":{"line":6,"column":21}},"4":{"start":{"line":7,"column":18},"end":{"line":15,"column":5}},"5":{"start":{"line":17,"column":4},"end":{"line":54,"column":5}},"6":{"start":{"line":17,"column":17},"end":{"line":17,"column":18}},"7":{"start":{"line":18,"column":26},"end":{"line":18,"column":65}},"8":{"start":{"line":19,"column":27},"end":{"line":19,"column":67}},"9":{"start":{"line":21,"column":24},"end":{"line":21,"column":28}},"10":{"start":{"line":23,"column":8},"end":{"line":34,"column":9}},"11":{"start":{"line":24,"column":12},"end":{"line":24,"column":62}},"12":{"start":{"line":25,"column":12},"end":{"line":25,"column":33}},"13":{"start":{"line":26,"column":12},"end":{"line":26,"column":30}},"14":{"start":{"line":28,"column":30},"end":{"line":28,"column":52}},"15":{"start":{"line":29,"column":12},"end":{"line":33,"column":13}},"16":{"start":{"line":30,"column":16},"end":{"line":30,"column":66}},"17":{"start":{"line":31,"column":16},"end":{"line":31,"column":35}},"18":{"start":{"line":32,"column":16},"end":{"line":32,"column":34}},"19":{"start":{"line":36,"column":8},"end":{"line":47,"column":9}},"20":{"start":{"line":37,"column":12},"end":{"line":37,"column":63}},"21":{"start":{"line":38,"column":12},"end":{"line":38,"column":34}},"22":{"start":{"line":39,"column":12},"end":{"line":39,"column":30}},"23":{"start":{"line":41,"column":31},"end":{"line":41,"column":54}},"24":{"start":{"line":42,"column":12},"end":{"line":46,"column":13}},"25":{"start":{"line":43,"column":16},"end":{"line":43,"column":67}},"26":{"start":{"line":44,"column":16},"end":{"line":44,"column":36}},"27":{"start":{"line":45,"column":16},"end":{"line":45,"column":34}},"28":{"start":{"line":49,"column":8},"end":{"line":53,"column":9}},"29":{"start":{"line":50,"column":12},"end":{"line":50,"column":26}},"30":{"start":{"line":52,"column":12},"end":{"line":52,"column":28}},"31":{"start":{"line":56,"column":4},"end":{"line":60,"column":6}},"32":{"start":{"line":64,"column":18},"end":{"line":64,"column":20}},"33":{"start":{"line":65,"column":25},"end":{"line":65,"column":26}},"34":{"start":{"line":66,"column":26},"end":{"line":66,"column":27}},"35":{"start":{"line":67,"column":21},"end":{"line":67,"column":22}},"36":{"start":{"line":69,"column":4},"end":{"line":109,"column":5}},"37":{"start":{"line":69,"column":17},"end":{"line":69,"column":18}},"38":{"start":{"line":70,"column":26},"end":{"line":70,"column":65}},"39":{"start":{"line":71,"column":27},"end":{"line":71,"column":67}},"40":{"start":{"line":73,"column":25},"end":{"line":80,"column":9}},"41":{"start":{"line":82,"column":8},"end":{"line":90,"column":9}},"42":{"start":{"line":83,"column":25},"end":{"line":83,"column":47}},"43":{"start":{"line":84,"column":12},"end":{"line":84,"column":43}},"44":{"start":{"line":85,"column":12},"end":{"line":87,"column":13}},"45":{"start":{"line":86,"column":16},"end":{"line":86,"column":39}},"46":{"start":{"line":89,"column":12},"end":{"line":89,"column":35}},"47":{"start":{"line":92,"column":8},"end":{"line":100,"column":9}},"48":{"start":{"line":93,"column":25},"end":{"line":93,"column":48}},"49":{"start":{"line":94,"column":12},"end":{"line":94,"column":44}},"50":{"start":{"line":95,"column":12},"end":{"line":97,"column":13}},"51":{"start":{"line":96,"column":16},"end":{"line":96,"column":39}},"52":{"start":{"line":99,"column":12},"end":{"line":99,"column":35}},"53":{"start":{"line":102,"column":8},"end":{"line":106,"column":9}},"54":{"start":{"line":103,"column":12},"end":{"line":103,"column":49}},"55":{"start":{"line":104,"column":12},"end":{"line":104,"column":51}},"56":{"start":{"line":105,"column":12},"end":{"line":105,"column":25}},"57":{"start":{"line":108,"column":8},"end":{"line":108,"column":29}},"58":{"start":{"line":111,"column":4},"end":{"line":120,"column":6}},"59":{"start":{"line":124,"column":19},"end":{"line":124,"column":21}},"60":{"start":{"line":126,"column":4},"end":{"line":143,"column":5}},"61":{"start":{"line":126,"column":17},"end":{"line":126,"column":18}},"62":{"start":{"line":127,"column":26},"end":{"line":127,"column":65}},"63":{"start":{"line":128,"column":27},"end":{"line":128,"column":67}},"64":{"start":{"line":130,"column":8},"end":{"line":142,"column":11}},"65":{"start":{"line":145,"column":4},"end":{"line":145,"column":18}},"66":{"start":{"line":149,"column":20},"end":{"line":149,"column":22}},"67":{"start":{"line":150,"column":19},"end":{"line":150,"column":23}},"68":{"start":{"line":151,"column":22},"end":{"line":151,"column":24}},"69":{"start":{"line":153,"column":4},"end":{"line":169,"column":5}},"70":{"start":{"line":154,"column":30},"end":{"line":154,"column":73}},"71":{"start":{"line":155,"column":23},"end":{"line":155,"column":101}},"72":{"start":{"line":157,"column":8},"end":{"line":161,"column":11}},"73":{"start":{"line":163,"column":8},"end":{"line":168,"column":9}},"74":{"start":{"line":164,"column":12},"end":{"line":164,"column":29}},"75":{"start":{"line":165,"column":12},"end":{"line":167,"column":14}},"76":{"start":{"line":166,"column":39},"end":{"line":166,"column":69}},"77":{"start":{"line":171,"column":4},"end":{"line":175,"column":6}},"78":{"start":{"line":178,"column":0},"end":{"line":183,"column":2}}},"fnMap":{"0":{"name":"validateTestCases","decl":{"start":{"line":5,"column":9},"end":{"line":5,"column":26}},"loc":{"start":{"line":5,"column":52},"end":{"line":61,"column":1}},"line":5},"1":{"name":"getTestCaseStats","decl":{"start":{"line":63,"column":9},"end":{"line":63,"column":25}},"loc":{"start":{"line":63,"column":51},"end":{"line":121,"column":1}},"line":63},"2":{"name":"listTestCases","decl":{"start":{"line":123,"column":9},"end":{"line":123,"column":22}},"loc":{"start":{"line":123,"column":48},"end":{"line":146,"column":1}},"line":123},"3":{"name":"validateContestTestCases","decl":{"start":{"line":148,"column":9},"end":{"line":148,"column":33}},"loc":{"start":{"line":148,"column":54},"end":{"line":176,"column":1}},"line":148},"4":{"name":"(anonymous_4)","decl":{"start":{"line":166,"column":34},"end":{"line":166,"column":35}},"loc":{"start":{"line":166,"column":39},"end":{"line":166,"column":69}},"line":166}},"branchMap":{"0":{"loc":{"start":{"line":23,"column":8},"end":{"line":34,"column":9}},"type":"if","locations":[{"start":{"line":23,"column":8},"end":{"line":34,"column":9}},{"start":{"line":27,"column":15},"end":{"line":34,"column":9}}],"line":23},"1":{"loc":{"start":{"line":29,"column":12},"end":{"line":33,"column":13}},"type":"if","locations":[{"start":{"line":29,"column":12},"end":{"line":33,"column":13}},{"start":{},"end":{}}],"line":29},"2":{"loc":{"start":{"line":36,"column":8},"end":{"line":47,"column":9}},"type":"if","locations":[{"start":{"line":36,"column":8},"end":{"line":47,"column":9}},{"start":{"line":40,"column":15},"end":{"line":47,"column":9}}],"line":36},"3":{"loc":{"start":{"line":42,"column":12},"end":{"line":46,"column":13}},"type":"if","locations":[{"start":{"line":42,"column":12},"end":{"line":46,"column":13}},{"start":{},"end":{}}],"line":42},"4":{"loc":{"start":{"line":49,"column":8},"end":{"line":53,"column":9}},"type":"if","locations":[{"start":{"line":49,"column":8},"end":{"line":53,"column":9}},{"start":{"line":51,"column":15},"end":{"line":53,"column":9}}],"line":49},"5":{"loc":{"start":{"line":82,"column":8},"end":{"line":90,"column":9}},"type":"if","locations":[{"start":{"line":82,"column":8},"end":{"line":90,"column":9}},{"start":{"line":88,"column":15},"end":{"line":90,"column":9}}],"line":82},"6":{"loc":{"start":{"line":85,"column":12},"end":{"line":87,"column":13}},"type":"if","locations":[{"start":{"line":85,"column":12},"end":{"line":87,"column":13}},{"start":{},"end":{}}],"line":85},"7":{"loc":{"start":{"line":92,"column":8},"end":{"line":100,"column":9}},"type":"if","locations":[{"start":{"line":92,"column":8},"end":{"line":100,"column":9}},{"start":{"line":98,"column":15},"end":{"line":100,"column":9}}],"line":92},"8":{"loc":{"start":{"line":95,"column":12},"end":{"line":97,"column":13}},"type":"if","locations":[{"start":{"line":95,"column":12},"end":{"line":97,"column":13}},{"start":{},"end":{}}],"line":95},"9":{"loc":{"start":{"line":102,"column":8},"end":{"line":106,"column":9}},"type":"if","locations":[{"start":{"line":102,"column":8},"end":{"line":106,"column":9}},{"start":{},"end":{}}],"line":102},"10":{"loc":{"start":{"line":118,"column":22},"end":{"line":118,"column":82}},"type":"cond-expr","locations":[{"start":{"line":118,"column":39},"end":{"line":118,"column":78}},{"start":{"line":118,"column":81},"end":{"line":118,"column":82}}],"line":118},"11":{"loc":{"start":{"line":119,"column":23},"end":{"line":119,"column":84}},"type":"cond-expr","locations":[{"start":{"line":119,"column":40},"end":{"line":119,"column":80}},{"start":{"line":119,"column":83},"end":{"line":119,"column":84}}],"line":119},"12":{"loc":{"start":{"line":135,"column":22},"end":{"line":135,"column":80}},"type":"cond-expr","locations":[{"start":{"line":135,"column":49},"end":{"line":135,"column":76}},{"start":{"line":135,"column":79},"end":{"line":135,"column":80}}],"line":135},"13":{"loc":{"start":{"line":140,"column":22},"end":{"line":140,"column":82}},"type":"cond-expr","locations":[{"start":{"line":140,"column":50},"end":{"line":140,"column":78}},{"start":{"line":140,"column":81},"end":{"line":140,"column":82}}],"line":140},"14":{"loc":{"start":{"line":163,"column":8},"end":{"line":168,"column":9}},"type":"if","locations":[{"start":{"line":163,"column":8},"end":{"line":168,"column":9}},{"start":{},"end":{}}],"line":163}},"s":{"0":1,"1":1,"2":1,"3":11,"4":11,"5":11,"6":11,"7":25,"8":25,"9":25,"10":25,"11":4,"12":4,"13":4,"14":21,"15":21,"16":1,"17":1,"18":1,"19":25,"20":5,"21":5,"22":5,"23":20,"24":20,"25":1,"26":1,"27":1,"28":25,"29":17,"30":8,"31":11,"32":4,"33":4,"34":4,"35":4,"36":4,"37":4,"38":12,"39":12,"40":12,"41":12,"42":9,"43":9,"44":9,"45":1,"46":3,"47":12,"48":8,"49":8,"50":8,"51":0,"52":4,"53":12,"54":7,"55":7,"56":7,"57":12,"58":4,"59":3,"60":3,"61":3,"62":5,"63":5,"64":5,"65":3,"66":3,"67":3,"68":3,"69":3,"70":4,"71":4,"72":4,"73":4,"74":2,"75":2,"76":3,"77":3,"78":1},"f":{"0":11,"1":4,"2":3,"3":3,"4":3},"b":{"0":[4,21],"1":[1,20],"2":[5,20],"3":[1,19],"4":[17,8],"5":[9,3],"6":[1,8],"7":[8,4],"8":[0,8],"9":[7,5],"10":[3,1],"11":[3,1],"12":[4,1],"13":[3,2],"14":[2,2]},"_coverageSchema":"1a1c01bbd47fc00a2c39e90264f33305004495a9","hash":"0516ae45eb3f63453a97fd47f6f1207bb9419043"}
}
