TN:
SF:src\core\testcasemanager.js
FN:5,validateTestCases
FN:63,getTestCaseStats
FN:123,listTestCases
FN:148,validateContestTestCases
FN:166,(anonymous_4)
FNF:5
FNH:5
FNDA:11,validateTestCases
FNDA:4,getTestCaseStats
FNDA:3,listTestCases
FNDA:3,validateContestTestCases
FNDA:3,(anonymous_4)
DA:1,1
DA:2,1
DA:3,1
DA:6,11
DA:7,11
DA:17,11
DA:18,25
DA:19,25
DA:21,25
DA:23,25
DA:24,4
DA:25,4
DA:26,4
DA:28,21
DA:29,21
DA:30,1
DA:31,1
DA:32,1
DA:36,25
DA:37,5
DA:38,5
DA:39,5
DA:41,20
DA:42,20
DA:43,1
DA:44,1
DA:45,1
DA:49,25
DA:50,17
DA:52,8
DA:56,11
DA:64,4
DA:65,4
DA:66,4
DA:67,4
DA:69,4
DA:70,12
DA:71,12
DA:73,12
DA:82,12
DA:83,9
DA:84,9
DA:85,9
DA:86,1
DA:89,3
DA:92,12
DA:93,8
DA:94,8
DA:95,8
DA:96,0
DA:99,4
DA:102,12
DA:103,7
DA:104,7
DA:105,7
DA:108,12
DA:111,4
DA:124,3
DA:126,3
DA:127,5
DA:128,5
DA:130,5
DA:145,3
DA:149,3
DA:150,3
DA:151,3
DA:153,3
DA:154,4
DA:155,4
DA:157,4
DA:163,4
DA:164,2
DA:165,2
DA:166,3
DA:171,3
DA:178,1
LF:76
LH:75
BRDA:23,0,0,4
BRDA:23,0,1,21
BRDA:29,1,0,1
BRDA:29,1,1,20
BRDA:36,2,0,5
BRDA:36,2,1,20
BRDA:42,3,0,1
BRDA:42,3,1,19
BRDA:49,4,0,17
BRDA:49,4,1,8
BRDA:82,5,0,9
BRDA:82,5,1,3
BRDA:85,6,0,1
BRDA:85,6,1,8
BRDA:92,7,0,8
BRDA:92,7,1,4
BRDA:95,8,0,0
BRDA:95,8,1,8
BRDA:102,9,0,7
BRDA:102,9,1,5
BRDA:118,10,0,3
BRDA:118,10,1,1
BRDA:119,11,0,3
BRDA:119,11,1,1
BRDA:135,12,0,4
BRDA:135,12,1,1
BRDA:140,13,0,3
BRDA:140,13,1,2
BRDA:163,14,0,2
BRDA:163,14,1,2
BRF:30
BRH:29
end_of_record
